00:43:19.300 [HikariPool-2 housekeeper] WARN  com.zaxxer.hikari.pool.HikariPool - HikariPool-2 - Thread starvation or clock leap detected (housekeeper delta=30m26s572ms41µs900ns).
08:03:00.028 [HikariPool-2 housekeeper] WARN  com.zaxxer.hikari.pool.HikariPool - HikariPool-2 - Thread starvation or clock leap detected (housekeeper delta=7h19m45s92ms316µs400ns).
08:12:27.326 [restartedMain] INFO  c.r.StudentMVC.StudentMvcApplication - Starting StudentMvcApplication using Java 17.0.4.1 with PID 1388 (C:\Users\pratk\OneDrive\Desktop\MyWorkspace\StudentMVC\target\classes started by pratk in C:\Users\pratk\OneDrive\Desktop\MyWorkspace\StudentMVC)
08:12:27.339 [restartedMain] INFO  c.r.StudentMVC.StudentMvcApplication - No active profile set, falling back to 1 default profile: "default"
08:12:27.516 [restartedMain] INFO  o.s.b.d.e.DevToolsPropertyDefaultsPostProcessor - Devtools property defaults active! Set 'spring.devtools.add-properties' to 'false' to disable
08:12:27.517 [restartedMain] INFO  o.s.b.d.e.DevToolsPropertyDefaultsPostProcessor - For additional web related logging consider setting the 'logging.level.web' property to 'DEBUG'
08:12:30.537 [restartedMain] INFO  o.s.d.r.c.RepositoryConfigurationDelegate - Bootstrapping Spring Data JPA repositories in DEFAULT mode.
08:12:30.759 [restartedMain] INFO  o.s.d.r.c.RepositoryConfigurationDelegate - Finished Spring Data repository scanning in 196 ms. Found 2 JPA repository interfaces.
08:12:33.137 [restartedMain] INFO  o.s.b.w.e.tomcat.TomcatWebServer - Tomcat initialized with port 8080 (http)
08:12:33.183 [restartedMain] INFO  o.a.catalina.core.StandardService - Starting service [Tomcat]
08:12:33.184 [restartedMain] INFO  o.a.catalina.core.StandardEngine - Starting Servlet engine: [Apache Tomcat/10.1.17]
08:12:33.374 [restartedMain] INFO  o.a.c.c.C.[Tomcat].[localhost].[/] - Initializing Spring embedded WebApplicationContext
08:12:33.375 [restartedMain] INFO  o.s.b.w.s.c.ServletWebServerApplicationContext - Root WebApplicationContext: initialization completed in 5857 ms
08:12:33.921 [restartedMain] INFO  o.h.jpa.internal.util.LogHelper - HHH000204: Processing PersistenceUnitInfo [name: default]
08:12:34.152 [restartedMain] INFO  org.hibernate.Version - HHH000412: Hibernate ORM core version 6.4.1.Final
08:12:34.284 [restartedMain] INFO  o.h.c.i.RegionFactoryInitiator - HHH000026: Second-level cache disabled
08:12:35.085 [restartedMain] INFO  o.s.o.j.p.SpringPersistenceUnitInfo - No LoadTimeWeaver setup: ignoring JPA class transformer
08:12:35.175 [restartedMain] INFO  com.zaxxer.hikari.HikariDataSource - HikariPool-1 - Starting...
08:12:36.206 [restartedMain] INFO  com.zaxxer.hikari.pool.HikariPool - HikariPool-1 - Added connection com.mysql.cj.jdbc.ConnectionImpl@3cc77087
08:12:36.214 [restartedMain] INFO  com.zaxxer.hikari.HikariDataSource - HikariPool-1 - Start completed.
08:12:39.470 [restartedMain] INFO  o.h.e.t.j.p.i.JtaPlatformInitiator - HHH000489: No JTA platform available (set 'hibernate.transaction.jta.platform' to enable JTA platform integration)
08:12:39.738 [restartedMain] INFO  o.s.o.j.LocalContainerEntityManagerFactoryBean - Initialized JPA EntityManagerFactory for persistence unit 'default'
08:12:40.684 [restartedMain] INFO  o.s.d.j.r.query.QueryEnhancerFactory - Hibernate is in classpath; If applicable, HQL parser will be used.
08:12:42.471 [restartedMain] WARN  o.s.b.a.o.j.JpaBaseConfiguration$JpaWebConfiguration - spring.jpa.open-in-view is enabled by default. Therefore, database queries may be performed during view rendering. Explicitly configure spring.jpa.open-in-view to disable this warning
08:12:42.770 [restartedMain] INFO  o.s.b.a.w.s.WelcomePageHandlerMapping - Adding welcome page template: index
08:12:43.389 [restartedMain] INFO  o.s.s.web.DefaultSecurityFilterChain - Will secure any request with [org.springframework.security.web.session.DisableEncodeUrlFilter@7be019d8, org.springframework.security.web.context.request.async.WebAsyncManagerIntegrationFilter@41f42ede, org.springframework.security.web.context.SecurityContextHolderFilter@2ecf7b99, org.springframework.security.web.header.HeaderWriterFilter@2b230121, org.springframework.web.filter.CorsFilter@f7e90c9, org.springframework.security.web.csrf.CsrfFilter@6ed762c7, org.springframework.security.web.authentication.logout.LogoutFilter@5dd79848, org.springframework.security.web.authentication.UsernamePasswordAuthenticationFilter@7f163a4b, org.springframework.security.web.savedrequest.RequestCacheAwareFilter@7d143f7, org.springframework.security.web.servletapi.SecurityContextHolderAwareRequestFilter@3ae2a540, org.springframework.security.web.authentication.AnonymousAuthenticationFilter@1c27ac7a, org.springframework.security.web.access.ExceptionTranslationFilter@5149a053, org.springframework.security.web.access.intercept.AuthorizationFilter@551de67c]
08:12:44.092 [restartedMain] INFO  o.s.b.d.a.OptionalLiveReloadServer - LiveReload server is running on port 35729
08:12:44.222 [restartedMain] INFO  o.s.b.w.e.tomcat.TomcatWebServer - Tomcat started on port 8080 (http) with context path ''
08:12:44.257 [restartedMain] INFO  c.r.StudentMVC.StudentMvcApplication - Started StudentMvcApplication in 18.504 seconds (process running for 20.712)
08:12:57.573 [http-nio-8080-exec-1] INFO  o.a.c.c.C.[Tomcat].[localhost].[/] - Initializing Spring DispatcherServlet 'dispatcherServlet'
08:12:57.574 [http-nio-8080-exec-1] INFO  o.s.web.servlet.DispatcherServlet - Initializing Servlet 'dispatcherServlet'
08:12:57.580 [http-nio-8080-exec-1] INFO  o.s.web.servlet.DispatcherServlet - Completed initialization in 4 ms
08:12:59.032 [http-nio-8080-exec-1] WARN  o.a.c.util.SessionIdGeneratorBase - Creation of SecureRandom instance for session ID generation using [SHA1PRNG] took [126] milliseconds.
08:13:07.079 [http-nio-8080-exec-2] INFO  c.r.StudentMVC.service.UserService - Loading user : admin
08:13:07.525 [http-nio-8080-exec-2] INFO  c.r.StudentMVC.service.UserService - user returned : UserEntity [id=2, username=admin, password=admin, roles=[ADMIN, USER]]
08:13:09.715 [http-nio-8080-exec-5] WARN  o.t.s.p.AbstractStandardFragmentInsertionTagProcessor - [THYMELEAF][http-nio-8080-exec-5][readStudent] Deprecated unwrapped fragment expression "header :: headerFragment" found in template readStudent, line 9, col 8. Please use the complete syntax of fragment expressions instead ("~{header :: headerFragment}"). The old, unwrapped syntax for fragment expressions will be removed in future versions of Thymeleaf.
08:13:33.035 [http-nio-8080-exec-5] INFO  c.r.StudentMVC.service.UserService - Loading user : admin
08:13:33.056 [http-nio-8080-exec-5] INFO  c.r.StudentMVC.service.UserService - user returned : UserEntity [id=2, username=admin, password=admin, roles=[ADMIN, USER]]
08:13:34.613 [http-nio-8080-exec-7] WARN  o.t.s.p.AbstractStandardFragmentInsertionTagProcessor - [THYMELEAF][http-nio-8080-exec-7][addStudent] Deprecated unwrapped fragment expression "header :: headerFragment" found in template addStudent, line 10, col 7. Please use the complete syntax of fragment expressions instead ("~{header :: headerFragment}"). The old, unwrapped syntax for fragment expressions will be removed in future versions of Thymeleaf.
08:18:20.365 [File Watcher] INFO  o.s.b.d.a.LocalDevToolsAutoConfiguration$RestartingClassPathChangeChangedEventListener - Restarting due to 1 class path change (0 additions, 0 deletions, 1 modification)
08:18:20.420 [Thread-5] INFO  o.s.o.j.LocalContainerEntityManagerFactoryBean - Closing JPA EntityManagerFactory for persistence unit 'default'
08:18:20.431 [Thread-5] INFO  com.zaxxer.hikari.HikariDataSource - HikariPool-1 - Shutdown initiated...
08:18:20.465 [Thread-5] INFO  com.zaxxer.hikari.HikariDataSource - HikariPool-1 - Shutdown completed.
08:18:20.730 [restartedMain] INFO  c.r.StudentMVC.StudentMvcApplication - Starting StudentMvcApplication using Java 17.0.4.1 with PID 1388 (C:\Users\pratk\OneDrive\Desktop\MyWorkspace\StudentMVC\target\classes started by pratk in C:\Users\pratk\OneDrive\Desktop\MyWorkspace\StudentMVC)
08:18:20.732 [restartedMain] INFO  c.r.StudentMVC.StudentMvcApplication - No active profile set, falling back to 1 default profile: "default"
08:18:21.508 [restartedMain] INFO  o.s.d.r.c.RepositoryConfigurationDelegate - Bootstrapping Spring Data JPA repositories in DEFAULT mode.
08:18:21.557 [restartedMain] INFO  o.s.d.r.c.RepositoryConfigurationDelegate - Finished Spring Data repository scanning in 48 ms. Found 2 JPA repository interfaces.
08:18:21.995 [restartedMain] INFO  o.s.b.w.e.tomcat.TomcatWebServer - Tomcat initialized with port 8080 (http)
08:18:21.997 [restartedMain] INFO  o.a.catalina.core.StandardService - Starting service [Tomcat]
08:18:21.998 [restartedMain] INFO  o.a.catalina.core.StandardEngine - Starting Servlet engine: [Apache Tomcat/10.1.17]
08:18:22.066 [restartedMain] INFO  o.a.c.c.C.[Tomcat].[localhost].[/] - Initializing Spring embedded WebApplicationContext
08:18:22.067 [restartedMain] INFO  o.s.b.w.s.c.ServletWebServerApplicationContext - Root WebApplicationContext: initialization completed in 1326 ms
08:18:22.234 [restartedMain] INFO  o.h.jpa.internal.util.LogHelper - HHH000204: Processing PersistenceUnitInfo [name: default]
08:18:22.246 [restartedMain] INFO  o.h.c.i.RegionFactoryInitiator - HHH000026: Second-level cache disabled
08:18:22.259 [restartedMain] INFO  o.s.o.j.p.SpringPersistenceUnitInfo - No LoadTimeWeaver setup: ignoring JPA class transformer
08:18:22.262 [restartedMain] INFO  com.zaxxer.hikari.HikariDataSource - HikariPool-2 - Starting...
08:18:22.321 [restartedMain] INFO  com.zaxxer.hikari.pool.HikariPool - HikariPool-2 - Added connection com.mysql.cj.jdbc.ConnectionImpl@175768fa
08:18:22.322 [restartedMain] INFO  com.zaxxer.hikari.HikariDataSource - HikariPool-2 - Start completed.
08:18:22.571 [restartedMain] INFO  o.h.e.t.j.p.i.JtaPlatformInitiator - HHH000489: No JTA platform available (set 'hibernate.transaction.jta.platform' to enable JTA platform integration)
08:18:22.656 [restartedMain] INFO  o.s.o.j.LocalContainerEntityManagerFactoryBean - Initialized JPA EntityManagerFactory for persistence unit 'default'
08:18:23.064 [restartedMain] WARN  o.s.b.a.o.j.JpaBaseConfiguration$JpaWebConfiguration - spring.jpa.open-in-view is enabled by default. Therefore, database queries may be performed during view rendering. Explicitly configure spring.jpa.open-in-view to disable this warning
08:18:23.108 [restartedMain] INFO  o.s.b.a.w.s.WelcomePageHandlerMapping - Adding welcome page template: index
08:18:23.252 [restartedMain] INFO  o.s.s.web.DefaultSecurityFilterChain - Will secure any request with [org.springframework.security.web.session.DisableEncodeUrlFilter@79322e51, org.springframework.security.web.context.request.async.WebAsyncManagerIntegrationFilter@79a370d5, org.springframework.security.web.context.SecurityContextHolderFilter@6d982e2d, org.springframework.security.web.header.HeaderWriterFilter@ec52b72, org.springframework.web.filter.CorsFilter@75653571, org.springframework.security.web.csrf.CsrfFilter@5e23167f, org.springframework.security.web.authentication.logout.LogoutFilter@6fe9ce35, org.springframework.security.web.authentication.UsernamePasswordAuthenticationFilter@580bdb03, org.springframework.security.web.savedrequest.RequestCacheAwareFilter@2b4e4d0f, org.springframework.security.web.servletapi.SecurityContextHolderAwareRequestFilter@64155070, org.springframework.security.web.authentication.AnonymousAuthenticationFilter@73b03b1d, org.springframework.security.web.access.ExceptionTranslationFilter@49f0cc8a, org.springframework.security.web.access.intercept.AuthorizationFilter@784e8090]
08:18:23.401 [restartedMain] INFO  o.s.b.d.a.OptionalLiveReloadServer - LiveReload server is running on port 35729
08:18:23.427 [restartedMain] INFO  o.s.b.w.e.tomcat.TomcatWebServer - Tomcat started on port 8080 (http) with context path ''
08:18:23.441 [restartedMain] INFO  c.r.StudentMVC.StudentMvcApplication - Started StudentMvcApplication in 2.81 seconds (process running for 359.898)
08:18:23.448 [restartedMain] INFO  o.s.b.d.a.ConditionEvaluationDeltaLoggingListener - Condition evaluation unchanged
08:18:28.290 [http-nio-8080-exec-1] INFO  o.a.c.c.C.[Tomcat].[localhost].[/] - Initializing Spring DispatcherServlet 'dispatcherServlet'
08:18:28.291 [http-nio-8080-exec-1] INFO  o.s.web.servlet.DispatcherServlet - Initializing Servlet 'dispatcherServlet'
08:18:28.294 [http-nio-8080-exec-1] INFO  o.s.web.servlet.DispatcherServlet - Completed initialization in 2 ms
08:34:56.966 [HikariPool-2 housekeeper] WARN  com.zaxxer.hikari.pool.HikariPool - HikariPool-2 - Thread starvation or clock leap detected (housekeeper delta=1m34s253ms493µs100ns).
08:38:04.682 [File Watcher] INFO  o.s.b.d.a.LocalDevToolsAutoConfiguration$RestartingClassPathChangeChangedEventListener - Restarting due to 3 class path changes (0 additions, 0 deletions, 3 modifications)
08:38:04.720 [Thread-7] INFO  o.s.o.j.LocalContainerEntityManagerFactoryBean - Closing JPA EntityManagerFactory for persistence unit 'default'
08:38:04.722 [Thread-7] INFO  com.zaxxer.hikari.HikariDataSource - HikariPool-2 - Shutdown initiated...
08:38:04.743 [Thread-7] INFO  com.zaxxer.hikari.HikariDataSource - HikariPool-2 - Shutdown completed.
08:38:04.960 [restartedMain] INFO  c.r.StudentMVC.StudentMvcApplication - Starting StudentMvcApplication using Java 17.0.4.1 with PID 1388 (C:\Users\pratk\OneDrive\Desktop\MyWorkspace\StudentMVC\target\classes started by pratk in C:\Users\pratk\OneDrive\Desktop\MyWorkspace\StudentMVC)
08:38:04.961 [restartedMain] INFO  c.r.StudentMVC.StudentMvcApplication - No active profile set, falling back to 1 default profile: "default"
08:38:05.668 [restartedMain] INFO  o.s.d.r.c.RepositoryConfigurationDelegate - Bootstrapping Spring Data JPA repositories in DEFAULT mode.
08:38:05.722 [restartedMain] INFO  o.s.d.r.c.RepositoryConfigurationDelegate - Finished Spring Data repository scanning in 52 ms. Found 2 JPA repository interfaces.
08:38:06.521 [restartedMain] INFO  o.s.b.w.e.tomcat.TomcatWebServer - Tomcat initialized with port 8080 (http)
08:38:06.524 [restartedMain] INFO  o.a.catalina.core.StandardService - Starting service [Tomcat]
08:38:06.524 [restartedMain] INFO  o.a.catalina.core.StandardEngine - Starting Servlet engine: [Apache Tomcat/10.1.17]
08:38:06.587 [restartedMain] INFO  o.a.c.c.C.[Tomcat].[localhost].[/] - Initializing Spring embedded WebApplicationContext
08:38:06.587 [restartedMain] INFO  o.s.b.w.s.c.ServletWebServerApplicationContext - Root WebApplicationContext: initialization completed in 1620 ms
08:38:06.816 [restartedMain] INFO  o.h.jpa.internal.util.LogHelper - HHH000204: Processing PersistenceUnitInfo [name: default]
08:38:06.832 [restartedMain] INFO  o.h.c.i.RegionFactoryInitiator - HHH000026: Second-level cache disabled
08:38:06.843 [restartedMain] INFO  o.s.o.j.p.SpringPersistenceUnitInfo - No LoadTimeWeaver setup: ignoring JPA class transformer
08:38:06.848 [restartedMain] INFO  com.zaxxer.hikari.HikariDataSource - HikariPool-3 - Starting...
08:38:06.903 [restartedMain] INFO  com.zaxxer.hikari.pool.HikariPool - HikariPool-3 - Added connection com.mysql.cj.jdbc.ConnectionImpl@48cc51b7
08:38:06.904 [restartedMain] INFO  com.zaxxer.hikari.HikariDataSource - HikariPool-3 - Start completed.
08:38:07.096 [restartedMain] INFO  o.h.e.t.j.p.i.JtaPlatformInitiator - HHH000489: No JTA platform available (set 'hibernate.transaction.jta.platform' to enable JTA platform integration)
08:38:07.170 [restartedMain] INFO  o.s.o.j.LocalContainerEntityManagerFactoryBean - Initialized JPA EntityManagerFactory for persistence unit 'default'
08:38:07.489 [restartedMain] WARN  o.s.b.a.o.j.JpaBaseConfiguration$JpaWebConfiguration - spring.jpa.open-in-view is enabled by default. Therefore, database queries may be performed during view rendering. Explicitly configure spring.jpa.open-in-view to disable this warning
08:38:07.571 [restartedMain] INFO  o.s.b.a.w.s.WelcomePageHandlerMapping - Adding welcome page template: index
08:38:07.698 [restartedMain] INFO  o.s.s.web.DefaultSecurityFilterChain - Will secure any request with [org.springframework.security.web.session.DisableEncodeUrlFilter@27384edc, org.springframework.security.web.context.request.async.WebAsyncManagerIntegrationFilter@57fe078b, org.springframework.security.web.context.SecurityContextHolderFilter@45898326, org.springframework.security.web.header.HeaderWriterFilter@2c703328, org.springframework.web.filter.CorsFilter@49b22636, org.springframework.security.web.csrf.CsrfFilter@11f27cdb, org.springframework.security.web.authentication.logout.LogoutFilter@2b520da2, org.springframework.security.web.authentication.UsernamePasswordAuthenticationFilter@1cbc7ff4, org.springframework.security.web.savedrequest.RequestCacheAwareFilter@479f2be8, org.springframework.security.web.servletapi.SecurityContextHolderAwareRequestFilter@f0fa1c4, org.springframework.security.web.authentication.AnonymousAuthenticationFilter@368ea32b, org.springframework.security.web.access.ExceptionTranslationFilter@b486215, org.springframework.security.web.access.intercept.AuthorizationFilter@67df21bb]
08:38:07.798 [restartedMain] INFO  o.s.b.d.a.OptionalLiveReloadServer - LiveReload server is running on port 35729
08:38:07.815 [restartedMain] INFO  o.s.b.w.e.tomcat.TomcatWebServer - Tomcat started on port 8080 (http) with context path ''
08:38:07.826 [restartedMain] INFO  c.r.StudentMVC.StudentMvcApplication - Started StudentMvcApplication in 2.941 seconds (process running for 1544.282)
08:38:07.829 [restartedMain] INFO  o.s.b.d.a.ConditionEvaluationDeltaLoggingListener - Condition evaluation unchanged
09:02:06.189 [restartedMain] INFO  c.r.StudentMVC.StudentMvcApplication - Starting StudentMvcApplication using Java 17.0.4.1 with PID 15776 (C:\Users\pratk\OneDrive\Desktop\MyWorkspace\StudentMVC\target\classes started by pratk in C:\Users\pratk\OneDrive\Desktop\MyWorkspace\StudentMVC)
09:02:06.198 [restartedMain] INFO  c.r.StudentMVC.StudentMvcApplication - No active profile set, falling back to 1 default profile: "default"
09:02:06.379 [restartedMain] INFO  o.s.b.d.e.DevToolsPropertyDefaultsPostProcessor - Devtools property defaults active! Set 'spring.devtools.add-properties' to 'false' to disable
09:02:06.380 [restartedMain] INFO  o.s.b.d.e.DevToolsPropertyDefaultsPostProcessor - For additional web related logging consider setting the 'logging.level.web' property to 'DEBUG'
09:02:09.089 [restartedMain] INFO  o.s.d.r.c.RepositoryConfigurationDelegate - Bootstrapping Spring Data JPA repositories in DEFAULT mode.
09:02:09.276 [restartedMain] INFO  o.s.d.r.c.RepositoryConfigurationDelegate - Finished Spring Data repository scanning in 162 ms. Found 2 JPA repository interfaces.
09:02:11.445 [restartedMain] INFO  o.s.b.w.e.tomcat.TomcatWebServer - Tomcat initialized with port 8080 (http)
09:02:11.496 [restartedMain] INFO  o.a.catalina.core.StandardService - Starting service [Tomcat]
09:02:11.497 [restartedMain] INFO  o.a.catalina.core.StandardEngine - Starting Servlet engine: [Apache Tomcat/10.1.17]
09:02:11.702 [restartedMain] INFO  o.a.c.c.C.[Tomcat].[localhost].[/] - Initializing Spring embedded WebApplicationContext
09:02:11.703 [restartedMain] INFO  o.s.b.w.s.c.ServletWebServerApplicationContext - Root WebApplicationContext: initialization completed in 5321 ms
09:02:12.264 [restartedMain] INFO  o.h.jpa.internal.util.LogHelper - HHH000204: Processing PersistenceUnitInfo [name: default]
09:02:12.515 [restartedMain] INFO  org.hibernate.Version - HHH000412: Hibernate ORM core version 6.4.1.Final
09:02:12.651 [restartedMain] INFO  o.h.c.i.RegionFactoryInitiator - HHH000026: Second-level cache disabled
09:02:13.494 [restartedMain] INFO  o.s.o.j.p.SpringPersistenceUnitInfo - No LoadTimeWeaver setup: ignoring JPA class transformer
09:02:13.582 [restartedMain] INFO  com.zaxxer.hikari.HikariDataSource - HikariPool-1 - Starting...
09:02:14.570 [restartedMain] INFO  com.zaxxer.hikari.pool.HikariPool - HikariPool-1 - Added connection com.mysql.cj.jdbc.ConnectionImpl@4459a529
09:02:14.580 [restartedMain] INFO  com.zaxxer.hikari.HikariDataSource - HikariPool-1 - Start completed.
09:02:17.709 [restartedMain] INFO  o.h.e.t.j.p.i.JtaPlatformInitiator - HHH000489: No JTA platform available (set 'hibernate.transaction.jta.platform' to enable JTA platform integration)
09:02:17.942 [restartedMain] INFO  o.s.o.j.LocalContainerEntityManagerFactoryBean - Initialized JPA EntityManagerFactory for persistence unit 'default'
09:02:18.768 [restartedMain] INFO  o.s.d.j.r.query.QueryEnhancerFactory - Hibernate is in classpath; If applicable, HQL parser will be used.
09:02:20.431 [restartedMain] WARN  o.s.b.a.o.j.JpaBaseConfiguration$JpaWebConfiguration - spring.jpa.open-in-view is enabled by default. Therefore, database queries may be performed during view rendering. Explicitly configure spring.jpa.open-in-view to disable this warning
09:02:20.685 [restartedMain] INFO  o.s.b.a.w.s.WelcomePageHandlerMapping - Adding welcome page template: index
09:02:21.118 [restartedMain] INFO  o.s.s.web.DefaultSecurityFilterChain - Will secure any request with [org.springframework.security.web.session.DisableEncodeUrlFilter@39ab86cc, org.springframework.security.web.context.request.async.WebAsyncManagerIntegrationFilter@1191e043, org.springframework.security.web.context.SecurityContextHolderFilter@161ba7fe, org.springframework.security.web.header.HeaderWriterFilter@18cd08b1, org.springframework.web.filter.CorsFilter@5586bd27, org.springframework.security.web.csrf.CsrfFilter@14de49af, org.springframework.security.web.authentication.logout.LogoutFilter@4e85fb24, org.springframework.security.web.authentication.UsernamePasswordAuthenticationFilter@4e314c4a, org.springframework.security.web.savedrequest.RequestCacheAwareFilter@31904c00, org.springframework.security.web.servletapi.SecurityContextHolderAwareRequestFilter@36c977c1, org.springframework.security.web.authentication.AnonymousAuthenticationFilter@7992a5b7, org.springframework.security.web.access.ExceptionTranslationFilter@12e23165, org.springframework.security.web.access.intercept.AuthorizationFilter@6d48bb49]
09:02:21.640 [restartedMain] INFO  o.s.b.d.a.OptionalLiveReloadServer - LiveReload server is running on port 35729
09:02:21.726 [restartedMain] INFO  o.s.b.w.e.tomcat.TomcatWebServer - Tomcat started on port 8080 (http) with context path ''
09:02:21.754 [restartedMain] INFO  c.r.StudentMVC.StudentMvcApplication - Started StudentMvcApplication in 17.326 seconds (process running for 19.481)
09:02:36.681 [http-nio-8080-exec-1] INFO  o.a.c.c.C.[Tomcat].[localhost].[/] - Initializing Spring DispatcherServlet 'dispatcherServlet'
09:02:36.682 [http-nio-8080-exec-1] INFO  o.s.web.servlet.DispatcherServlet - Initializing Servlet 'dispatcherServlet'
09:02:36.686 [http-nio-8080-exec-1] INFO  o.s.web.servlet.DispatcherServlet - Completed initialization in 3 ms
09:02:38.173 [http-nio-8080-exec-1] WARN  o.a.c.util.SessionIdGeneratorBase - Creation of SecureRandom instance for session ID generation using [SHA1PRNG] took [200] milliseconds.
09:02:44.857 [http-nio-8080-exec-4] INFO  c.r.StudentMVC.service.UserService - Loading user : admin
09:02:45.174 [http-nio-8080-exec-4] INFO  c.r.StudentMVC.service.UserService - user returned : UserEntity [id=2, username=admin, password=admin, roles=[ADMIN, USER]]
09:02:45.243 [http-nio-8080-exec-5] WARN  o.t.s.p.AbstractStandardFragmentInsertionTagProcessor - [THYMELEAF][http-nio-8080-exec-5][index] Deprecated unwrapped fragment expression "header :: customHeader" found in template index, line 8, col 7. Please use the complete syntax of fragment expressions instead ("~{header :: customHeader}"). The old, unwrapped syntax for fragment expressions will be removed in future versions of Thymeleaf.
09:02:45.281 [http-nio-8080-exec-5] ERROR org.thymeleaf.TemplateEngine - [THYMELEAF][http-nio-8080-exec-5] Exception processing template "index": An error happened during template parsing (template: "class path resource [templates/index.html]")
org.thymeleaf.exceptions.TemplateInputException: An error happened during template parsing (template: "class path resource [templates/index.html]")
	at org.thymeleaf.templateparser.markup.AbstractMarkupTemplateParser.parse(AbstractMarkupTemplateParser.java:241)
	at org.thymeleaf.templateparser.markup.AbstractMarkupTemplateParser.parseStandalone(AbstractMarkupTemplateParser.java:100)
	at org.thymeleaf.engine.TemplateManager.parseAndProcess(TemplateManager.java:666)
	at org.thymeleaf.TemplateEngine.process(TemplateEngine.java:1103)
	at org.thymeleaf.TemplateEngine.process(TemplateEngine.java:1077)
	at org.thymeleaf.spring6.view.ThymeleafView.renderFragment(ThymeleafView.java:372)
	at org.thymeleaf.spring6.view.ThymeleafView.render(ThymeleafView.java:192)
	at org.springframework.web.servlet.DispatcherServlet.render(DispatcherServlet.java:1431)
	at org.springframework.web.servlet.DispatcherServlet.processDispatchResult(DispatcherServlet.java:1167)
	at org.springframework.web.servlet.DispatcherServlet.doDispatch(DispatcherServlet.java:1106)
	at org.springframework.web.servlet.DispatcherServlet.doService(DispatcherServlet.java:979)
	at org.springframework.web.servlet.FrameworkServlet.processRequest(FrameworkServlet.java:1014)
	at org.springframework.web.servlet.FrameworkServlet.doGet(FrameworkServlet.java:903)
	at jakarta.servlet.http.HttpServlet.service(HttpServlet.java:564)
	at org.springframework.web.servlet.FrameworkServlet.service(FrameworkServlet.java:885)
	at jakarta.servlet.http.HttpServlet.service(HttpServlet.java:658)
	at org.apache.catalina.core.ApplicationFilterChain.internalDoFilter(ApplicationFilterChain.java:205)
	at org.apache.catalina.core.ApplicationFilterChain.doFilter(ApplicationFilterChain.java:149)
	at org.apache.tomcat.websocket.server.WsFilter.doFilter(WsFilter.java:51)
	at org.apache.catalina.core.ApplicationFilterChain.internalDoFilter(ApplicationFilterChain.java:174)
	at org.apache.catalina.core.ApplicationFilterChain.doFilter(ApplicationFilterChain.java:149)
	at org.springframework.web.filter.CompositeFilter$VirtualFilterChain.doFilter(CompositeFilter.java:108)
	at org.springframework.security.web.FilterChainProxy.lambda$doFilterInternal$3(FilterChainProxy.java:231)
	at org.springframework.security.web.FilterChainProxy$VirtualFilterChain.doFilter(FilterChainProxy.java:365)
	at org.springframework.security.web.access.intercept.AuthorizationFilter.doFilter(AuthorizationFilter.java:100)
	at org.springframework.security.web.FilterChainProxy$VirtualFilterChain.doFilter(FilterChainProxy.java:374)
	at org.springframework.security.web.access.ExceptionTranslationFilter.doFilter(ExceptionTranslationFilter.java:126)
	at org.springframework.security.web.access.ExceptionTranslationFilter.doFilter(ExceptionTranslationFilter.java:120)
	at org.springframework.security.web.FilterChainProxy$VirtualFilterChain.doFilter(FilterChainProxy.java:374)
	at org.springframework.security.web.authentication.AnonymousAuthenticationFilter.doFilter(AnonymousAuthenticationFilter.java:100)
	at org.springframework.security.web.FilterChainProxy$VirtualFilterChain.doFilter(FilterChainProxy.java:374)
	at org.springframework.security.web.servletapi.SecurityContextHolderAwareRequestFilter.doFilter(SecurityContextHolderAwareRequestFilter.java:179)
	at org.springframework.security.web.FilterChainProxy$VirtualFilterChain.doFilter(FilterChainProxy.java:374)
	at org.springframework.security.web.savedrequest.RequestCacheAwareFilter.doFilter(RequestCacheAwareFilter.java:63)
	at org.springframework.security.web.FilterChainProxy$VirtualFilterChain.doFilter(FilterChainProxy.java:374)
	at org.springframework.security.web.authentication.AbstractAuthenticationProcessingFilter.doFilter(AbstractAuthenticationProcessingFilter.java:227)
	at org.springframework.security.web.authentication.AbstractAuthenticationProcessingFilter.doFilter(AbstractAuthenticationProcessingFilter.java:221)
	at org.springframework.security.web.FilterChainProxy$VirtualFilterChain.doFilter(FilterChainProxy.java:374)
	at org.springframework.security.web.authentication.logout.LogoutFilter.doFilter(LogoutFilter.java:107)
	at org.springframework.security.web.authentication.logout.LogoutFilter.doFilter(LogoutFilter.java:93)
	at org.springframework.security.web.FilterChainProxy$VirtualFilterChain.doFilter(FilterChainProxy.java:374)
	at org.springframework.security.web.csrf.CsrfFilter.doFilterInternal(CsrfFilter.java:117)
	at org.springframework.web.filter.OncePerRequestFilter.doFilter(OncePerRequestFilter.java:116)
	at org.springframework.security.web.FilterChainProxy$VirtualFilterChain.doFilter(FilterChainProxy.java:374)
	at org.springframework.web.filter.CorsFilter.doFilterInternal(CorsFilter.java:91)
	at org.springframework.web.filter.OncePerRequestFilter.doFilter(OncePerRequestFilter.java:116)
	at org.springframework.security.web.FilterChainProxy$VirtualFilterChain.doFilter(FilterChainProxy.java:374)
	at org.springframework.security.web.header.HeaderWriterFilter.doHeadersAfter(HeaderWriterFilter.java:90)
	at org.springframework.security.web.header.HeaderWriterFilter.doFilterInternal(HeaderWriterFilter.java:75)
	at org.springframework.web.filter.OncePerRequestFilter.doFilter(OncePerRequestFilter.java:116)
	at org.springframework.security.web.FilterChainProxy$VirtualFilterChain.doFilter(FilterChainProxy.java:374)
	at org.springframework.security.web.context.SecurityContextHolderFilter.doFilter(SecurityContextHolderFilter.java:82)
	at org.springframework.security.web.context.SecurityContextHolderFilter.doFilter(SecurityContextHolderFilter.java:69)
	at org.springframework.security.web.FilterChainProxy$VirtualFilterChain.doFilter(FilterChainProxy.java:374)
	at org.springframework.security.web.context.request.async.WebAsyncManagerIntegrationFilter.doFilterInternal(WebAsyncManagerIntegrationFilter.java:62)
	at org.springframework.web.filter.OncePerRequestFilter.doFilter(OncePerRequestFilter.java:116)
	at org.springframework.security.web.FilterChainProxy$VirtualFilterChain.doFilter(FilterChainProxy.java:374)
	at org.springframework.security.web.session.DisableEncodeUrlFilter.doFilterInternal(DisableEncodeUrlFilter.java:42)
	at org.springframework.web.filter.OncePerRequestFilter.doFilter(OncePerRequestFilter.java:116)
	at org.springframework.security.web.FilterChainProxy$VirtualFilterChain.doFilter(FilterChainProxy.java:374)
	at org.springframework.security.web.FilterChainProxy.doFilterInternal(FilterChainProxy.java:233)
	at org.springframework.security.web.FilterChainProxy.doFilter(FilterChainProxy.java:191)
	at org.springframework.web.filter.CompositeFilter$VirtualFilterChain.doFilter(CompositeFilter.java:113)
	at org.springframework.web.servlet.handler.HandlerMappingIntrospector.lambda$createCacheFilter$3(HandlerMappingIntrospector.java:195)
	at org.springframework.web.filter.CompositeFilter$VirtualFilterChain.doFilter(CompositeFilter.java:113)
	at org.springframework.web.filter.CompositeFilter.doFilter(CompositeFilter.java:74)
	at org.springframework.security.config.annotation.web.configuration.WebMvcSecurityConfiguration$CompositeFilterChainProxy.doFilter(WebMvcSecurityConfiguration.java:225)
	at org.springframework.web.filter.DelegatingFilterProxy.invokeDelegate(DelegatingFilterProxy.java:352)
	at org.springframework.web.filter.DelegatingFilterProxy.doFilter(DelegatingFilterProxy.java:268)
	at org.apache.catalina.core.ApplicationFilterChain.internalDoFilter(ApplicationFilterChain.java:174)
	at org.apache.catalina.core.ApplicationFilterChain.doFilter(ApplicationFilterChain.java:149)
	at org.springframework.web.filter.RequestContextFilter.doFilterInternal(RequestContextFilter.java:100)
	at org.springframework.web.filter.OncePerRequestFilter.doFilter(OncePerRequestFilter.java:116)
	at org.apache.catalina.core.ApplicationFilterChain.internalDoFilter(ApplicationFilterChain.java:174)
	at org.apache.catalina.core.ApplicationFilterChain.doFilter(ApplicationFilterChain.java:149)
	at org.springframework.web.filter.FormContentFilter.doFilterInternal(FormContentFilter.java:93)
	at org.springframework.web.filter.OncePerRequestFilter.doFilter(OncePerRequestFilter.java:116)
	at org.apache.catalina.core.ApplicationFilterChain.internalDoFilter(ApplicationFilterChain.java:174)
	at org.apache.catalina.core.ApplicationFilterChain.doFilter(ApplicationFilterChain.java:149)
	at org.springframework.web.filter.CharacterEncodingFilter.doFilterInternal(CharacterEncodingFilter.java:201)
	at org.springframework.web.filter.OncePerRequestFilter.doFilter(OncePerRequestFilter.java:116)
	at org.apache.catalina.core.ApplicationFilterChain.internalDoFilter(ApplicationFilterChain.java:174)
	at org.apache.catalina.core.ApplicationFilterChain.doFilter(ApplicationFilterChain.java:149)
	at org.apache.catalina.core.StandardWrapperValve.invoke(StandardWrapperValve.java:167)
	at org.apache.catalina.core.StandardContextValve.invoke(StandardContextValve.java:90)
	at org.apache.catalina.authenticator.AuthenticatorBase.invoke(AuthenticatorBase.java:482)
	at org.apache.catalina.core.StandardHostValve.invoke(StandardHostValve.java:115)
	at org.apache.catalina.valves.ErrorReportValve.invoke(ErrorReportValve.java:93)
	at org.apache.catalina.core.StandardEngineValve.invoke(StandardEngineValve.java:74)
	at org.apache.catalina.connector.CoyoteAdapter.service(CoyoteAdapter.java:340)
	at org.apache.coyote.http11.Http11Processor.service(Http11Processor.java:391)
	at org.apache.coyote.AbstractProcessorLight.process(AbstractProcessorLight.java:63)
	at org.apache.coyote.AbstractProtocol$ConnectionHandler.process(AbstractProtocol.java:896)
	at org.apache.tomcat.util.net.NioEndpoint$SocketProcessor.doRun(NioEndpoint.java:1744)
	at org.apache.tomcat.util.net.SocketProcessorBase.run(SocketProcessorBase.java:52)
	at org.apache.tomcat.util.threads.ThreadPoolExecutor.runWorker(ThreadPoolExecutor.java:1191)
	at org.apache.tomcat.util.threads.ThreadPoolExecutor$Worker.run(ThreadPoolExecutor.java:659)
	at org.apache.tomcat.util.threads.TaskThread$WrappingRunnable.run(TaskThread.java:61)
	at java.base/java.lang.Thread.run(Thread.java:833)
Caused by: org.attoparser.ParseException: Error resolving fragment: "~{header :: customHeader}": template or fragment could not be resolved (template: "index" - line 8, col 7)
	at org.attoparser.MarkupParser.parseDocument(MarkupParser.java:393)
	at org.attoparser.MarkupParser.parse(MarkupParser.java:257)
	at org.thymeleaf.templateparser.markup.AbstractMarkupTemplateParser.parse(AbstractMarkupTemplateParser.java:230)
	... 98 common frames omitted
Caused by: org.thymeleaf.exceptions.TemplateInputException: Error resolving fragment: "~{header :: customHeader}": template or fragment could not be resolved (template: "index" - line 8, col 7)
	at org.thymeleaf.standard.expression.FragmentExpression.resolveExecutedFragmentExpression(FragmentExpression.java:598)
	at org.thymeleaf.standard.processor.AbstractStandardFragmentInsertionTagProcessor.computeFragment(AbstractStandardFragmentInsertionTagProcessor.java:399)
	at org.thymeleaf.standard.processor.AbstractStandardFragmentInsertionTagProcessor.doProcess(AbstractStandardFragmentInsertionTagProcessor.java:115)
	at org.thymeleaf.processor.element.AbstractAttributeTagProcessor.doProcess(AbstractAttributeTagProcessor.java:74)
	at org.thymeleaf.processor.element.AbstractElementTagProcessor.process(AbstractElementTagProcessor.java:95)
	at org.thymeleaf.util.ProcessorConfigurationUtils$ElementTagProcessorWrapper.process(ProcessorConfigurationUtils.java:633)
	at org.thymeleaf.engine.ProcessorTemplateHandler.handleOpenElement(ProcessorTemplateHandler.java:1314)
	at org.thymeleaf.engine.TemplateHandlerAdapterMarkupHandler.handleOpenElementEnd(TemplateHandlerAdapterMarkupHandler.java:304)
	at org.thymeleaf.templateparser.markup.InlinedOutputExpressionMarkupHandler$InlineMarkupAdapterPreProcessorHandler.handleOpenElementEnd(InlinedOutputExpressionMarkupHandler.java:278)
	at org.thymeleaf.standard.inline.OutputExpressionInlinePreProcessorHandler.handleOpenElementEnd(OutputExpressionInlinePreProcessorHandler.java:186)
	at org.thymeleaf.templateparser.markup.InlinedOutputExpressionMarkupHandler.handleOpenElementEnd(InlinedOutputExpressionMarkupHandler.java:124)
	at org.attoparser.HtmlElement.handleOpenElementEnd(HtmlElement.java:109)
	at org.attoparser.HtmlMarkupHandler.handleOpenElementEnd(HtmlMarkupHandler.java:297)
	at org.attoparser.MarkupEventProcessorHandler.handleOpenElementEnd(MarkupEventProcessorHandler.java:402)
	at org.attoparser.ParsingElementMarkupUtil.parseOpenElement(ParsingElementMarkupUtil.java:159)
	at org.attoparser.MarkupParser.parseBuffer(MarkupParser.java:710)
	at org.attoparser.MarkupParser.parseDocument(MarkupParser.java:301)
	... 100 common frames omitted
09:02:45.317 [http-nio-8080-exec-5] ERROR o.a.c.c.C.[.[.[.[dispatcherServlet] - Servlet.service() for servlet [dispatcherServlet] in context with path [] threw exception [Request processing failed: org.thymeleaf.exceptions.TemplateInputException: An error happened during template parsing (template: "class path resource [templates/index.html]")] with root cause
org.thymeleaf.exceptions.TemplateInputException: Error resolving fragment: "~{header :: customHeader}": template or fragment could not be resolved (template: "index" - line 8, col 7)
	at org.thymeleaf.standard.expression.FragmentExpression.resolveExecutedFragmentExpression(FragmentExpression.java:598)
	at org.thymeleaf.standard.processor.AbstractStandardFragmentInsertionTagProcessor.computeFragment(AbstractStandardFragmentInsertionTagProcessor.java:399)
	at org.thymeleaf.standard.processor.AbstractStandardFragmentInsertionTagProcessor.doProcess(AbstractStandardFragmentInsertionTagProcessor.java:115)
	at org.thymeleaf.processor.element.AbstractAttributeTagProcessor.doProcess(AbstractAttributeTagProcessor.java:74)
	at org.thymeleaf.processor.element.AbstractElementTagProcessor.process(AbstractElementTagProcessor.java:95)
	at org.thymeleaf.util.ProcessorConfigurationUtils$ElementTagProcessorWrapper.process(ProcessorConfigurationUtils.java:633)
	at org.thymeleaf.engine.ProcessorTemplateHandler.handleOpenElement(ProcessorTemplateHandler.java:1314)
	at org.thymeleaf.engine.TemplateHandlerAdapterMarkupHandler.handleOpenElementEnd(TemplateHandlerAdapterMarkupHandler.java:304)
	at org.thymeleaf.templateparser.markup.InlinedOutputExpressionMarkupHandler$InlineMarkupAdapterPreProcessorHandler.handleOpenElementEnd(InlinedOutputExpressionMarkupHandler.java:278)
	at org.thymeleaf.standard.inline.OutputExpressionInlinePreProcessorHandler.handleOpenElementEnd(OutputExpressionInlinePreProcessorHandler.java:186)
	at org.thymeleaf.templateparser.markup.InlinedOutputExpressionMarkupHandler.handleOpenElementEnd(InlinedOutputExpressionMarkupHandler.java:124)
	at org.attoparser.HtmlElement.handleOpenElementEnd(HtmlElement.java:109)
	at org.attoparser.HtmlMarkupHandler.handleOpenElementEnd(HtmlMarkupHandler.java:297)
	at org.attoparser.MarkupEventProcessorHandler.handleOpenElementEnd(MarkupEventProcessorHandler.java:402)
	at org.attoparser.ParsingElementMarkupUtil.parseOpenElement(ParsingElementMarkupUtil.java:159)
	at org.attoparser.MarkupParser.parseBuffer(MarkupParser.java:710)
	at org.attoparser.MarkupParser.parseDocument(MarkupParser.java:301)
	at org.attoparser.MarkupParser.parse(MarkupParser.java:257)
	at org.thymeleaf.templateparser.markup.AbstractMarkupTemplateParser.parse(AbstractMarkupTemplateParser.java:230)
	at org.thymeleaf.templateparser.markup.AbstractMarkupTemplateParser.parseStandalone(AbstractMarkupTemplateParser.java:100)
	at org.thymeleaf.engine.TemplateManager.parseAndProcess(TemplateManager.java:666)
	at org.thymeleaf.TemplateEngine.process(TemplateEngine.java:1103)
	at org.thymeleaf.TemplateEngine.process(TemplateEngine.java:1077)
	at org.thymeleaf.spring6.view.ThymeleafView.renderFragment(ThymeleafView.java:372)
	at org.thymeleaf.spring6.view.ThymeleafView.render(ThymeleafView.java:192)
	at org.springframework.web.servlet.DispatcherServlet.render(DispatcherServlet.java:1431)
	at org.springframework.web.servlet.DispatcherServlet.processDispatchResult(DispatcherServlet.java:1167)
	at org.springframework.web.servlet.DispatcherServlet.doDispatch(DispatcherServlet.java:1106)
	at org.springframework.web.servlet.DispatcherServlet.doService(DispatcherServlet.java:979)
	at org.springframework.web.servlet.FrameworkServlet.processRequest(FrameworkServlet.java:1014)
	at org.springframework.web.servlet.FrameworkServlet.doGet(FrameworkServlet.java:903)
	at jakarta.servlet.http.HttpServlet.service(HttpServlet.java:564)
	at org.springframework.web.servlet.FrameworkServlet.service(FrameworkServlet.java:885)
	at jakarta.servlet.http.HttpServlet.service(HttpServlet.java:658)
	at org.apache.catalina.core.ApplicationFilterChain.internalDoFilter(ApplicationFilterChain.java:205)
	at org.apache.catalina.core.ApplicationFilterChain.doFilter(ApplicationFilterChain.java:149)
	at org.apache.tomcat.websocket.server.WsFilter.doFilter(WsFilter.java:51)
	at org.apache.catalina.core.ApplicationFilterChain.internalDoFilter(ApplicationFilterChain.java:174)
	at org.apache.catalina.core.ApplicationFilterChain.doFilter(ApplicationFilterChain.java:149)
	at org.springframework.web.filter.CompositeFilter$VirtualFilterChain.doFilter(CompositeFilter.java:108)
	at org.springframework.security.web.FilterChainProxy.lambda$doFilterInternal$3(FilterChainProxy.java:231)
	at org.springframework.security.web.FilterChainProxy$VirtualFilterChain.doFilter(FilterChainProxy.java:365)
	at org.springframework.security.web.access.intercept.AuthorizationFilter.doFilter(AuthorizationFilter.java:100)
	at org.springframework.security.web.FilterChainProxy$VirtualFilterChain.doFilter(FilterChainProxy.java:374)
	at org.springframework.security.web.access.ExceptionTranslationFilter.doFilter(ExceptionTranslationFilter.java:126)
	at org.springframework.security.web.access.ExceptionTranslationFilter.doFilter(ExceptionTranslationFilter.java:120)
	at org.springframework.security.web.FilterChainProxy$VirtualFilterChain.doFilter(FilterChainProxy.java:374)
	at org.springframework.security.web.authentication.AnonymousAuthenticationFilter.doFilter(AnonymousAuthenticationFilter.java:100)
	at org.springframework.security.web.FilterChainProxy$VirtualFilterChain.doFilter(FilterChainProxy.java:374)
	at org.springframework.security.web.servletapi.SecurityContextHolderAwareRequestFilter.doFilter(SecurityContextHolderAwareRequestFilter.java:179)
	at org.springframework.security.web.FilterChainProxy$VirtualFilterChain.doFilter(FilterChainProxy.java:374)
	at org.springframework.security.web.savedrequest.RequestCacheAwareFilter.doFilter(RequestCacheAwareFilter.java:63)
	at org.springframework.security.web.FilterChainProxy$VirtualFilterChain.doFilter(FilterChainProxy.java:374)
	at org.springframework.security.web.authentication.AbstractAuthenticationProcessingFilter.doFilter(AbstractAuthenticationProcessingFilter.java:227)
	at org.springframework.security.web.authentication.AbstractAuthenticationProcessingFilter.doFilter(AbstractAuthenticationProcessingFilter.java:221)
	at org.springframework.security.web.FilterChainProxy$VirtualFilterChain.doFilter(FilterChainProxy.java:374)
	at org.springframework.security.web.authentication.logout.LogoutFilter.doFilter(LogoutFilter.java:107)
	at org.springframework.security.web.authentication.logout.LogoutFilter.doFilter(LogoutFilter.java:93)
	at org.springframework.security.web.FilterChainProxy$VirtualFilterChain.doFilter(FilterChainProxy.java:374)
	at org.springframework.security.web.csrf.CsrfFilter.doFilterInternal(CsrfFilter.java:117)
	at org.springframework.web.filter.OncePerRequestFilter.doFilter(OncePerRequestFilter.java:116)
	at org.springframework.security.web.FilterChainProxy$VirtualFilterChain.doFilter(FilterChainProxy.java:374)
	at org.springframework.web.filter.CorsFilter.doFilterInternal(CorsFilter.java:91)
	at org.springframework.web.filter.OncePerRequestFilter.doFilter(OncePerRequestFilter.java:116)
	at org.springframework.security.web.FilterChainProxy$VirtualFilterChain.doFilter(FilterChainProxy.java:374)
	at org.springframework.security.web.header.HeaderWriterFilter.doHeadersAfter(HeaderWriterFilter.java:90)
	at org.springframework.security.web.header.HeaderWriterFilter.doFilterInternal(HeaderWriterFilter.java:75)
	at org.springframework.web.filter.OncePerRequestFilter.doFilter(OncePerRequestFilter.java:116)
	at org.springframework.security.web.FilterChainProxy$VirtualFilterChain.doFilter(FilterChainProxy.java:374)
	at org.springframework.security.web.context.SecurityContextHolderFilter.doFilter(SecurityContextHolderFilter.java:82)
	at org.springframework.security.web.context.SecurityContextHolderFilter.doFilter(SecurityContextHolderFilter.java:69)
	at org.springframework.security.web.FilterChainProxy$VirtualFilterChain.doFilter(FilterChainProxy.java:374)
	at org.springframework.security.web.context.request.async.WebAsyncManagerIntegrationFilter.doFilterInternal(WebAsyncManagerIntegrationFilter.java:62)
	at org.springframework.web.filter.OncePerRequestFilter.doFilter(OncePerRequestFilter.java:116)
	at org.springframework.security.web.FilterChainProxy$VirtualFilterChain.doFilter(FilterChainProxy.java:374)
	at org.springframework.security.web.session.DisableEncodeUrlFilter.doFilterInternal(DisableEncodeUrlFilter.java:42)
	at org.springframework.web.filter.OncePerRequestFilter.doFilter(OncePerRequestFilter.java:116)
	at org.springframework.security.web.FilterChainProxy$VirtualFilterChain.doFilter(FilterChainProxy.java:374)
	at org.springframework.security.web.FilterChainProxy.doFilterInternal(FilterChainProxy.java:233)
	at org.springframework.security.web.FilterChainProxy.doFilter(FilterChainProxy.java:191)
	at org.springframework.web.filter.CompositeFilter$VirtualFilterChain.doFilter(CompositeFilter.java:113)
	at org.springframework.web.servlet.handler.HandlerMappingIntrospector.lambda$createCacheFilter$3(HandlerMappingIntrospector.java:195)
	at org.springframework.web.filter.CompositeFilter$VirtualFilterChain.doFilter(CompositeFilter.java:113)
	at org.springframework.web.filter.CompositeFilter.doFilter(CompositeFilter.java:74)
	at org.springframework.security.config.annotation.web.configuration.WebMvcSecurityConfiguration$CompositeFilterChainProxy.doFilter(WebMvcSecurityConfiguration.java:225)
	at org.springframework.web.filter.DelegatingFilterProxy.invokeDelegate(DelegatingFilterProxy.java:352)
	at org.springframework.web.filter.DelegatingFilterProxy.doFilter(DelegatingFilterProxy.java:268)
	at org.apache.catalina.core.ApplicationFilterChain.internalDoFilter(ApplicationFilterChain.java:174)
	at org.apache.catalina.core.ApplicationFilterChain.doFilter(ApplicationFilterChain.java:149)
	at org.springframework.web.filter.RequestContextFilter.doFilterInternal(RequestContextFilter.java:100)
	at org.springframework.web.filter.OncePerRequestFilter.doFilter(OncePerRequestFilter.java:116)
	at org.apache.catalina.core.ApplicationFilterChain.internalDoFilter(ApplicationFilterChain.java:174)
	at org.apache.catalina.core.ApplicationFilterChain.doFilter(ApplicationFilterChain.java:149)
	at org.springframework.web.filter.FormContentFilter.doFilterInternal(FormContentFilter.java:93)
	at org.springframework.web.filter.OncePerRequestFilter.doFilter(OncePerRequestFilter.java:116)
	at org.apache.catalina.core.ApplicationFilterChain.internalDoFilter(ApplicationFilterChain.java:174)
	at org.apache.catalina.core.ApplicationFilterChain.doFilter(ApplicationFilterChain.java:149)
	at org.springframework.web.filter.CharacterEncodingFilter.doFilterInternal(CharacterEncodingFilter.java:201)
	at org.springframework.web.filter.OncePerRequestFilter.doFilter(OncePerRequestFilter.java:116)
	at org.apache.catalina.core.ApplicationFilterChain.internalDoFilter(ApplicationFilterChain.java:174)
	at org.apache.catalina.core.ApplicationFilterChain.doFilter(ApplicationFilterChain.java:149)
	at org.apache.catalina.core.StandardWrapperValve.invoke(StandardWrapperValve.java:167)
	at org.apache.catalina.core.StandardContextValve.invoke(StandardContextValve.java:90)
	at org.apache.catalina.authenticator.AuthenticatorBase.invoke(AuthenticatorBase.java:482)
	at org.apache.catalina.core.StandardHostValve.invoke(StandardHostValve.java:115)
	at org.apache.catalina.valves.ErrorReportValve.invoke(ErrorReportValve.java:93)
	at org.apache.catalina.core.StandardEngineValve.invoke(StandardEngineValve.java:74)
	at org.apache.catalina.connector.CoyoteAdapter.service(CoyoteAdapter.java:340)
	at org.apache.coyote.http11.Http11Processor.service(Http11Processor.java:391)
	at org.apache.coyote.AbstractProcessorLight.process(AbstractProcessorLight.java:63)
	at org.apache.coyote.AbstractProtocol$ConnectionHandler.process(AbstractProtocol.java:896)
	at org.apache.tomcat.util.net.NioEndpoint$SocketProcessor.doRun(NioEndpoint.java:1744)
	at org.apache.tomcat.util.net.SocketProcessorBase.run(SocketProcessorBase.java:52)
	at org.apache.tomcat.util.threads.ThreadPoolExecutor.runWorker(ThreadPoolExecutor.java:1191)
	at org.apache.tomcat.util.threads.ThreadPoolExecutor$Worker.run(ThreadPoolExecutor.java:659)
	at org.apache.tomcat.util.threads.TaskThread$WrappingRunnable.run(TaskThread.java:61)
	at java.base/java.lang.Thread.run(Thread.java:833)
09:04:28.683 [restartedMain] INFO  c.r.StudentMVC.StudentMvcApplication - Starting StudentMvcApplication using Java 17.0.4.1 with PID 19676 (C:\Users\pratk\OneDrive\Desktop\MyWorkspace\StudentMVC\target\classes started by pratk in C:\Users\pratk\OneDrive\Desktop\MyWorkspace\StudentMVC)
09:04:28.692 [restartedMain] INFO  c.r.StudentMVC.StudentMvcApplication - No active profile set, falling back to 1 default profile: "default"
09:04:28.885 [restartedMain] INFO  o.s.b.d.e.DevToolsPropertyDefaultsPostProcessor - Devtools property defaults active! Set 'spring.devtools.add-properties' to 'false' to disable
09:04:28.885 [restartedMain] INFO  o.s.b.d.e.DevToolsPropertyDefaultsPostProcessor - For additional web related logging consider setting the 'logging.level.web' property to 'DEBUG'
09:04:31.130 [restartedMain] INFO  o.s.d.r.c.RepositoryConfigurationDelegate - Bootstrapping Spring Data JPA repositories in DEFAULT mode.
09:04:31.404 [restartedMain] INFO  o.s.d.r.c.RepositoryConfigurationDelegate - Finished Spring Data repository scanning in 250 ms. Found 2 JPA repository interfaces.
09:04:33.327 [restartedMain] INFO  o.s.b.w.e.tomcat.TomcatWebServer - Tomcat initialized with port 8080 (http)
09:04:33.363 [restartedMain] INFO  o.a.catalina.core.StandardService - Starting service [Tomcat]
09:04:33.365 [restartedMain] INFO  o.a.catalina.core.StandardEngine - Starting Servlet engine: [Apache Tomcat/10.1.17]
09:04:33.547 [restartedMain] INFO  o.a.c.c.C.[Tomcat].[localhost].[/] - Initializing Spring embedded WebApplicationContext
09:04:33.551 [restartedMain] INFO  o.s.b.w.s.c.ServletWebServerApplicationContext - Root WebApplicationContext: initialization completed in 4664 ms
09:04:34.016 [restartedMain] INFO  o.h.jpa.internal.util.LogHelper - HHH000204: Processing PersistenceUnitInfo [name: default]
09:04:34.152 [restartedMain] INFO  org.hibernate.Version - HHH000412: Hibernate ORM core version 6.4.1.Final
09:04:34.292 [restartedMain] INFO  o.h.c.i.RegionFactoryInitiator - HHH000026: Second-level cache disabled
09:04:35.127 [restartedMain] INFO  o.s.o.j.p.SpringPersistenceUnitInfo - No LoadTimeWeaver setup: ignoring JPA class transformer
09:04:35.214 [restartedMain] INFO  com.zaxxer.hikari.HikariDataSource - HikariPool-1 - Starting...
09:04:36.328 [restartedMain] INFO  com.zaxxer.hikari.pool.HikariPool - HikariPool-1 - Added connection com.mysql.cj.jdbc.ConnectionImpl@5e289038
09:04:36.334 [restartedMain] INFO  com.zaxxer.hikari.HikariDataSource - HikariPool-1 - Start completed.
09:04:39.404 [restartedMain] INFO  o.h.e.t.j.p.i.JtaPlatformInitiator - HHH000489: No JTA platform available (set 'hibernate.transaction.jta.platform' to enable JTA platform integration)
09:04:39.622 [restartedMain] INFO  o.s.o.j.LocalContainerEntityManagerFactoryBean - Initialized JPA EntityManagerFactory for persistence unit 'default'
09:04:40.646 [restartedMain] INFO  o.s.d.j.r.query.QueryEnhancerFactory - Hibernate is in classpath; If applicable, HQL parser will be used.
09:04:42.455 [restartedMain] WARN  o.s.b.a.o.j.JpaBaseConfiguration$JpaWebConfiguration - spring.jpa.open-in-view is enabled by default. Therefore, database queries may be performed during view rendering. Explicitly configure spring.jpa.open-in-view to disable this warning
09:04:42.754 [restartedMain] INFO  o.s.b.a.w.s.WelcomePageHandlerMapping - Adding welcome page template: index
09:04:43.371 [restartedMain] INFO  o.s.s.web.DefaultSecurityFilterChain - Will secure any request with [org.springframework.security.web.session.DisableEncodeUrlFilter@59f22a26, org.springframework.security.web.context.request.async.WebAsyncManagerIntegrationFilter@5896914f, org.springframework.security.web.context.SecurityContextHolderFilter@3cd7f2a1, org.springframework.security.web.header.HeaderWriterFilter@4233b503, org.springframework.web.filter.CorsFilter@3d4877c9, org.springframework.security.web.csrf.CsrfFilter@7c7a3370, org.springframework.security.web.authentication.logout.LogoutFilter@9f04178, org.springframework.security.web.authentication.UsernamePasswordAuthenticationFilter@b0dd6d2, org.springframework.security.web.savedrequest.RequestCacheAwareFilter@352c399, org.springframework.security.web.servletapi.SecurityContextHolderAwareRequestFilter@533c229d, org.springframework.security.web.authentication.AnonymousAuthenticationFilter@8f65fa1, org.springframework.security.web.access.ExceptionTranslationFilter@3d69c259, org.springframework.security.web.access.intercept.AuthorizationFilter@4bc95592]
09:04:44.007 [restartedMain] INFO  o.s.b.d.a.OptionalLiveReloadServer - LiveReload server is running on port 35729
09:04:44.118 [restartedMain] INFO  o.s.b.w.e.tomcat.TomcatWebServer - Tomcat started on port 8080 (http) with context path ''
09:04:44.152 [restartedMain] INFO  c.r.StudentMVC.StudentMvcApplication - Started StudentMvcApplication in 16.913 seconds (process running for 18.68)
09:04:55.267 [http-nio-8080-exec-1] INFO  o.a.c.c.C.[Tomcat].[localhost].[/] - Initializing Spring DispatcherServlet 'dispatcherServlet'
09:04:55.268 [http-nio-8080-exec-1] INFO  o.s.web.servlet.DispatcherServlet - Initializing Servlet 'dispatcherServlet'
09:04:55.273 [http-nio-8080-exec-1] INFO  o.s.web.servlet.DispatcherServlet - Completed initialization in 3 ms
09:04:56.682 [http-nio-8080-exec-1] WARN  o.a.c.util.SessionIdGeneratorBase - Creation of SecureRandom instance for session ID generation using [SHA1PRNG] took [117] milliseconds.
09:05:03.677 [http-nio-8080-exec-4] INFO  c.r.StudentMVC.service.UserService - Loading user : admin
09:05:03.967 [http-nio-8080-exec-4] INFO  c.r.StudentMVC.service.UserService - user returned : UserEntity [id=2, username=admin, password=admin, roles=[ADMIN, USER]]
09:05:04.039 [http-nio-8080-exec-5] WARN  o.t.s.p.AbstractStandardFragmentInsertionTagProcessor - [THYMELEAF][http-nio-8080-exec-5][index] Deprecated unwrapped fragment expression "header :: #customHeader" found in template index, line 8, col 7. Please use the complete syntax of fragment expressions instead ("~{header :: #customHeader}"). The old, unwrapped syntax for fragment expressions will be removed in future versions of Thymeleaf.
09:05:04.128 [http-nio-8080-exec-5] WARN  o.t.s.p.AbstractStandardFragmentInsertionTagProcessor - [THYMELEAF][http-nio-8080-exec-5][index] Deprecated unwrapped fragment expression "footer :: #customFooter" found in template index, line 18, col 10. Please use the complete syntax of fragment expressions instead ("~{footer :: #customFooter}"). The old, unwrapped syntax for fragment expressions will be removed in future versions of Thymeleaf.
09:11:32.247 [restartedMain] INFO  c.r.StudentMVC.StudentMvcApplication - Starting StudentMvcApplication using Java 17.0.4.1 with PID 9292 (C:\Users\pratk\OneDrive\Desktop\MyWorkspace\StudentMVC\target\classes started by pratk in C:\Users\pratk\OneDrive\Desktop\MyWorkspace\StudentMVC)
09:11:32.256 [restartedMain] INFO  c.r.StudentMVC.StudentMvcApplication - No active profile set, falling back to 1 default profile: "default"
09:11:32.457 [restartedMain] INFO  o.s.b.d.e.DevToolsPropertyDefaultsPostProcessor - Devtools property defaults active! Set 'spring.devtools.add-properties' to 'false' to disable
09:11:32.458 [restartedMain] INFO  o.s.b.d.e.DevToolsPropertyDefaultsPostProcessor - For additional web related logging consider setting the 'logging.level.web' property to 'DEBUG'
09:11:34.728 [restartedMain] INFO  o.s.d.r.c.RepositoryConfigurationDelegate - Bootstrapping Spring Data JPA repositories in DEFAULT mode.
09:11:34.954 [restartedMain] INFO  o.s.d.r.c.RepositoryConfigurationDelegate - Finished Spring Data repository scanning in 191 ms. Found 2 JPA repository interfaces.
09:11:36.980 [restartedMain] INFO  o.s.b.w.e.tomcat.TomcatWebServer - Tomcat initialized with port 8080 (http)
09:11:37.045 [restartedMain] INFO  o.a.catalina.core.StandardService - Starting service [Tomcat]
09:11:37.047 [restartedMain] INFO  o.a.catalina.core.StandardEngine - Starting Servlet engine: [Apache Tomcat/10.1.17]
09:11:37.294 [restartedMain] INFO  o.a.c.c.C.[Tomcat].[localhost].[/] - Initializing Spring embedded WebApplicationContext
09:11:37.295 [restartedMain] INFO  o.s.b.w.s.c.ServletWebServerApplicationContext - Root WebApplicationContext: initialization completed in 4836 ms
09:11:37.753 [restartedMain] INFO  o.h.jpa.internal.util.LogHelper - HHH000204: Processing PersistenceUnitInfo [name: default]
09:11:37.881 [restartedMain] INFO  org.hibernate.Version - HHH000412: Hibernate ORM core version 6.4.1.Final
09:11:37.991 [restartedMain] INFO  o.h.c.i.RegionFactoryInitiator - HHH000026: Second-level cache disabled
09:11:38.584 [restartedMain] INFO  o.s.o.j.p.SpringPersistenceUnitInfo - No LoadTimeWeaver setup: ignoring JPA class transformer
09:11:38.662 [restartedMain] INFO  com.zaxxer.hikari.HikariDataSource - HikariPool-1 - Starting...
09:11:39.760 [restartedMain] INFO  com.zaxxer.hikari.pool.HikariPool - HikariPool-1 - Added connection com.mysql.cj.jdbc.ConnectionImpl@69a740b7
09:11:39.767 [restartedMain] INFO  com.zaxxer.hikari.HikariDataSource - HikariPool-1 - Start completed.
09:11:42.681 [restartedMain] INFO  o.h.e.t.j.p.i.JtaPlatformInitiator - HHH000489: No JTA platform available (set 'hibernate.transaction.jta.platform' to enable JTA platform integration)
09:11:42.842 [restartedMain] INFO  o.s.o.j.LocalContainerEntityManagerFactoryBean - Initialized JPA EntityManagerFactory for persistence unit 'default'
09:11:43.784 [restartedMain] INFO  o.s.d.j.r.query.QueryEnhancerFactory - Hibernate is in classpath; If applicable, HQL parser will be used.
09:11:45.579 [restartedMain] WARN  o.s.b.a.o.j.JpaBaseConfiguration$JpaWebConfiguration - spring.jpa.open-in-view is enabled by default. Therefore, database queries may be performed during view rendering. Explicitly configure spring.jpa.open-in-view to disable this warning
09:11:45.850 [restartedMain] INFO  o.s.b.a.w.s.WelcomePageHandlerMapping - Adding welcome page template: index
09:11:46.405 [restartedMain] INFO  o.s.s.web.DefaultSecurityFilterChain - Will secure any request with [org.springframework.security.web.session.DisableEncodeUrlFilter@1c27ac7a, org.springframework.security.web.context.request.async.WebAsyncManagerIntegrationFilter@67f248ff, org.springframework.security.web.context.SecurityContextHolderFilter@3ae2a540, org.springframework.security.web.header.HeaderWriterFilter@2ecf7b99, org.springframework.web.filter.CorsFilter@7101801, org.springframework.security.web.csrf.CsrfFilter@24b1ac2e, org.springframework.security.web.authentication.logout.LogoutFilter@57ca0b6b, org.springframework.security.web.authentication.UsernamePasswordAuthenticationFilter@41f42ede, org.springframework.security.web.savedrequest.RequestCacheAwareFilter@40362fb7, org.springframework.security.web.servletapi.SecurityContextHolderAwareRequestFilter@4df502bd, org.springframework.security.web.authentication.AnonymousAuthenticationFilter@7c9338f2, org.springframework.security.web.access.ExceptionTranslationFilter@5fd8a8a5, org.springframework.security.web.access.intercept.AuthorizationFilter@7be019d8]
09:11:47.040 [restartedMain] INFO  o.s.b.d.a.OptionalLiveReloadServer - LiveReload server is running on port 35729
09:11:47.187 [restartedMain] INFO  o.s.b.w.e.tomcat.TomcatWebServer - Tomcat started on port 8080 (http) with context path ''
09:11:47.220 [restartedMain] INFO  c.r.StudentMVC.StudentMvcApplication - Started StudentMvcApplication in 16.32 seconds (process running for 18.148)
09:12:08.568 [http-nio-8080-exec-1] INFO  o.a.c.c.C.[Tomcat].[localhost].[/] - Initializing Spring DispatcherServlet 'dispatcherServlet'
09:12:08.569 [http-nio-8080-exec-1] INFO  o.s.web.servlet.DispatcherServlet - Initializing Servlet 'dispatcherServlet'
09:12:08.574 [http-nio-8080-exec-1] INFO  o.s.web.servlet.DispatcherServlet - Completed initialization in 4 ms
09:12:09.934 [http-nio-8080-exec-1] WARN  o.a.c.util.SessionIdGeneratorBase - Creation of SecureRandom instance for session ID generation using [SHA1PRNG] took [110] milliseconds.
09:12:16.741 [http-nio-8080-exec-4] INFO  c.r.StudentMVC.service.UserService - Loading user : admin
09:12:17.133 [http-nio-8080-exec-4] INFO  c.r.StudentMVC.service.UserService - user returned : UserEntity [id=2, username=admin, password=admin, roles=[ADMIN, USER]]
09:12:17.215 [http-nio-8080-exec-5] WARN  o.t.s.p.AbstractStandardFragmentInsertionTagProcessor - [THYMELEAF][http-nio-8080-exec-5][index] Deprecated unwrapped fragment expression "header :: #customHeader" found in template index, line 8, col 7. Please use the complete syntax of fragment expressions instead ("~{header :: #customHeader}"). The old, unwrapped syntax for fragment expressions will be removed in future versions of Thymeleaf.
09:12:17.301 [http-nio-8080-exec-5] WARN  o.t.s.p.AbstractStandardFragmentInsertionTagProcessor - [THYMELEAF][http-nio-8080-exec-5][index] Deprecated unwrapped fragment expression "footer :: #customFooter" found in template index, line 18, col 10. Please use the complete syntax of fragment expressions instead ("~{footer :: #customFooter}"). The old, unwrapped syntax for fragment expressions will be removed in future versions of Thymeleaf.
09:12:25.636 [http-nio-8080-exec-6] WARN  o.t.s.p.AbstractStandardFragmentInsertionTagProcessor - [THYMELEAF][http-nio-8080-exec-6][addStudent] Deprecated unwrapped fragment expression "header :: #customHeader" found in template addStudent, line 9, col 6. Please use the complete syntax of fragment expressions instead ("~{header :: #customHeader}"). The old, unwrapped syntax for fragment expressions will be removed in future versions of Thymeleaf.
09:12:25.788 [http-nio-8080-exec-6] WARN  o.t.s.p.AbstractStandardFragmentInsertionTagProcessor - [THYMELEAF][http-nio-8080-exec-6][addStudent] Deprecated unwrapped fragment expression "footer :: #customFooter" found in template addStudent, line 54, col 6. Please use the complete syntax of fragment expressions instead ("~{footer :: #customFooter}"). The old, unwrapped syntax for fragment expressions will be removed in future versions of Thymeleaf.
09:12:27.969 [http-nio-8080-exec-7] WARN  o.t.s.p.AbstractStandardFragmentInsertionTagProcessor - [THYMELEAF][http-nio-8080-exec-7][index] Deprecated unwrapped fragment expression "header :: #customHeader" found in template index, line 8, col 7. Please use the complete syntax of fragment expressions instead ("~{header :: #customHeader}"). The old, unwrapped syntax for fragment expressions will be removed in future versions of Thymeleaf.
09:12:27.981 [http-nio-8080-exec-7] WARN  o.t.s.p.AbstractStandardFragmentInsertionTagProcessor - [THYMELEAF][http-nio-8080-exec-7][index] Deprecated unwrapped fragment expression "footer :: #customFooter" found in template index, line 18, col 10. Please use the complete syntax of fragment expressions instead ("~{footer :: #customFooter}"). The old, unwrapped syntax for fragment expressions will be removed in future versions of Thymeleaf.
09:12:29.764 [http-nio-8080-exec-8] WARN  o.t.s.p.AbstractStandardFragmentInsertionTagProcessor - [THYMELEAF][http-nio-8080-exec-8][updateStudent] Deprecated unwrapped fragment expression "header :: #customHeader" found in template updateStudent, line 8, col 8. Please use the complete syntax of fragment expressions instead ("~{header :: #customHeader}"). The old, unwrapped syntax for fragment expressions will be removed in future versions of Thymeleaf.
09:12:29.783 [http-nio-8080-exec-8] WARN  o.t.s.p.AbstractStandardFragmentInsertionTagProcessor - [THYMELEAF][http-nio-8080-exec-8][updateStudent] Deprecated unwrapped fragment expression "footer :: #customFooter" found in template updateStudent, line 64, col 10. Please use the complete syntax of fragment expressions instead ("~{footer :: #customFooter}"). The old, unwrapped syntax for fragment expressions will be removed in future versions of Thymeleaf.
09:12:36.916 [http-nio-8080-exec-9] WARN  o.t.s.p.AbstractStandardFragmentInsertionTagProcessor - [THYMELEAF][http-nio-8080-exec-9][index] Deprecated unwrapped fragment expression "header :: #customHeader" found in template index, line 8, col 7. Please use the complete syntax of fragment expressions instead ("~{header :: #customHeader}"). The old, unwrapped syntax for fragment expressions will be removed in future versions of Thymeleaf.
09:12:36.932 [http-nio-8080-exec-9] WARN  o.t.s.p.AbstractStandardFragmentInsertionTagProcessor - [THYMELEAF][http-nio-8080-exec-9][index] Deprecated unwrapped fragment expression "footer :: #customFooter" found in template index, line 18, col 10. Please use the complete syntax of fragment expressions instead ("~{footer :: #customFooter}"). The old, unwrapped syntax for fragment expressions will be removed in future versions of Thymeleaf.
09:12:39.205 [http-nio-8080-exec-1] WARN  o.t.s.p.AbstractStandardFragmentInsertionTagProcessor - [THYMELEAF][http-nio-8080-exec-1][index] Deprecated unwrapped fragment expression "header :: #customHeader" found in template index, line 8, col 7. Please use the complete syntax of fragment expressions instead ("~{header :: #customHeader}"). The old, unwrapped syntax for fragment expressions will be removed in future versions of Thymeleaf.
09:12:39.216 [http-nio-8080-exec-1] WARN  o.t.s.p.AbstractStandardFragmentInsertionTagProcessor - [THYMELEAF][http-nio-8080-exec-1][index] Deprecated unwrapped fragment expression "footer :: #customFooter" found in template index, line 18, col 10. Please use the complete syntax of fragment expressions instead ("~{footer :: #customFooter}"). The old, unwrapped syntax for fragment expressions will be removed in future versions of Thymeleaf.
09:13:39.187 [File Watcher] INFO  o.s.b.d.a.LocalDevToolsAutoConfiguration$RestartingClassPathChangeChangedEventListener - Restarting due to 1 class path change (0 additions, 0 deletions, 1 modification)
09:13:39.231 [Thread-5] INFO  o.s.o.j.LocalContainerEntityManagerFactoryBean - Closing JPA EntityManagerFactory for persistence unit 'default'
09:13:39.247 [Thread-5] INFO  com.zaxxer.hikari.HikariDataSource - HikariPool-1 - Shutdown initiated...
09:13:39.276 [Thread-5] INFO  com.zaxxer.hikari.HikariDataSource - HikariPool-1 - Shutdown completed.
09:13:39.479 [restartedMain] INFO  c.r.StudentMVC.StudentMvcApplication - Starting StudentMvcApplication using Java 17.0.4.1 with PID 9292 (C:\Users\pratk\OneDrive\Desktop\MyWorkspace\StudentMVC\target\classes started by pratk in C:\Users\pratk\OneDrive\Desktop\MyWorkspace\StudentMVC)
09:13:39.480 [restartedMain] INFO  c.r.StudentMVC.StudentMvcApplication - No active profile set, falling back to 1 default profile: "default"
09:13:40.104 [restartedMain] INFO  o.s.d.r.c.RepositoryConfigurationDelegate - Bootstrapping Spring Data JPA repositories in DEFAULT mode.
09:13:40.139 [restartedMain] INFO  o.s.d.r.c.RepositoryConfigurationDelegate - Finished Spring Data repository scanning in 34 ms. Found 2 JPA repository interfaces.
09:13:40.494 [restartedMain] INFO  o.s.b.w.e.tomcat.TomcatWebServer - Tomcat initialized with port 8080 (http)
09:13:40.495 [restartedMain] INFO  o.a.catalina.core.StandardService - Starting service [Tomcat]
09:13:40.496 [restartedMain] INFO  o.a.catalina.core.StandardEngine - Starting Servlet engine: [Apache Tomcat/10.1.17]
09:13:40.557 [restartedMain] INFO  o.a.c.c.C.[Tomcat].[localhost].[/] - Initializing Spring embedded WebApplicationContext
09:13:40.558 [restartedMain] INFO  o.s.b.w.s.c.ServletWebServerApplicationContext - Root WebApplicationContext: initialization completed in 1070 ms
09:13:40.693 [restartedMain] INFO  o.h.jpa.internal.util.LogHelper - HHH000204: Processing PersistenceUnitInfo [name: default]
09:13:40.705 [restartedMain] INFO  o.h.c.i.RegionFactoryInitiator - HHH000026: Second-level cache disabled
09:13:40.722 [restartedMain] INFO  o.s.o.j.p.SpringPersistenceUnitInfo - No LoadTimeWeaver setup: ignoring JPA class transformer
09:13:40.726 [restartedMain] INFO  com.zaxxer.hikari.HikariDataSource - HikariPool-2 - Starting...
09:13:40.781 [restartedMain] INFO  com.zaxxer.hikari.pool.HikariPool - HikariPool-2 - Added connection com.mysql.cj.jdbc.ConnectionImpl@582a34c4
09:13:40.782 [restartedMain] INFO  com.zaxxer.hikari.HikariDataSource - HikariPool-2 - Start completed.
09:13:40.966 [restartedMain] INFO  o.h.e.t.j.p.i.JtaPlatformInitiator - HHH000489: No JTA platform available (set 'hibernate.transaction.jta.platform' to enable JTA platform integration)
09:13:41.035 [restartedMain] INFO  o.s.o.j.LocalContainerEntityManagerFactoryBean - Initialized JPA EntityManagerFactory for persistence unit 'default'
09:13:41.444 [restartedMain] WARN  o.s.b.a.o.j.JpaBaseConfiguration$JpaWebConfiguration - spring.jpa.open-in-view is enabled by default. Therefore, database queries may be performed during view rendering. Explicitly configure spring.jpa.open-in-view to disable this warning
09:13:41.487 [restartedMain] INFO  o.s.b.a.w.s.WelcomePageHandlerMapping - Adding welcome page template: index
09:13:41.629 [restartedMain] INFO  o.s.s.web.DefaultSecurityFilterChain - Will secure any request with [org.springframework.security.web.session.DisableEncodeUrlFilter@789f543, org.springframework.security.web.context.request.async.WebAsyncManagerIntegrationFilter@79144f22, org.springframework.security.web.context.SecurityContextHolderFilter@409d3167, org.springframework.security.web.header.HeaderWriterFilter@55911084, org.springframework.web.filter.CorsFilter@66b0f558, org.springframework.security.web.csrf.CsrfFilter@5f7f202d, org.springframework.security.web.authentication.logout.LogoutFilter@7c1ab45c, org.springframework.security.web.authentication.UsernamePasswordAuthenticationFilter@2e181c88, org.springframework.security.web.savedrequest.RequestCacheAwareFilter@66c50f11, org.springframework.security.web.servletapi.SecurityContextHolderAwareRequestFilter@86d953f, org.springframework.security.web.authentication.AnonymousAuthenticationFilter@8a2495a, org.springframework.security.web.access.ExceptionTranslationFilter@5147e026, org.springframework.security.web.access.intercept.AuthorizationFilter@56c92e46]
09:13:41.784 [restartedMain] INFO  o.s.b.d.a.OptionalLiveReloadServer - LiveReload server is running on port 35729
09:13:41.807 [restartedMain] INFO  o.s.b.w.e.tomcat.TomcatWebServer - Tomcat started on port 8080 (http) with context path ''
09:13:41.821 [restartedMain] INFO  c.r.StudentMVC.StudentMvcApplication - Started StudentMvcApplication in 2.424 seconds (process running for 132.749)
09:13:41.826 [restartedMain] INFO  o.s.b.d.a.ConditionEvaluationDeltaLoggingListener - Condition evaluation unchanged
09:13:45.377 [http-nio-8080-exec-2] INFO  o.a.c.c.C.[Tomcat].[localhost].[/] - Initializing Spring DispatcherServlet 'dispatcherServlet'
09:13:45.377 [http-nio-8080-exec-2] INFO  o.s.web.servlet.DispatcherServlet - Initializing Servlet 'dispatcherServlet'
09:13:45.379 [http-nio-8080-exec-2] INFO  o.s.web.servlet.DispatcherServlet - Completed initialization in 2 ms
09:13:45.432 [http-nio-8080-exec-2] WARN  o.t.s.p.AbstractStandardFragmentInsertionTagProcessor - [THYMELEAF][http-nio-8080-exec-2][index] Deprecated unwrapped fragment expression "header :: #customHeader" found in template index, line 8, col 7. Please use the complete syntax of fragment expressions instead ("~{header :: #customHeader}"). The old, unwrapped syntax for fragment expressions will be removed in future versions of Thymeleaf.
09:13:45.445 [http-nio-8080-exec-2] WARN  o.t.s.p.AbstractStandardFragmentInsertionTagProcessor - [THYMELEAF][http-nio-8080-exec-2][index] Deprecated unwrapped fragment expression "footer :: #customFooter" found in template index, line 18, col 10. Please use the complete syntax of fragment expressions instead ("~{footer :: #customFooter}"). The old, unwrapped syntax for fragment expressions will be removed in future versions of Thymeleaf.
09:13:47.230 [http-nio-8080-exec-3] WARN  o.t.s.p.AbstractStandardFragmentInsertionTagProcessor - [THYMELEAF][http-nio-8080-exec-3][index] Deprecated unwrapped fragment expression "header :: #customHeader" found in template index, line 8, col 7. Please use the complete syntax of fragment expressions instead ("~{header :: #customHeader}"). The old, unwrapped syntax for fragment expressions will be removed in future versions of Thymeleaf.
09:13:47.244 [http-nio-8080-exec-3] WARN  o.t.s.p.AbstractStandardFragmentInsertionTagProcessor - [THYMELEAF][http-nio-8080-exec-3][index] Deprecated unwrapped fragment expression "footer :: #customFooter" found in template index, line 18, col 10. Please use the complete syntax of fragment expressions instead ("~{footer :: #customFooter}"). The old, unwrapped syntax for fragment expressions will be removed in future versions of Thymeleaf.
09:13:48.058 [http-nio-8080-exec-6] WARN  o.t.s.p.AbstractStandardFragmentInsertionTagProcessor - [THYMELEAF][http-nio-8080-exec-6][index] Deprecated unwrapped fragment expression "header :: #customHeader" found in template index, line 8, col 7. Please use the complete syntax of fragment expressions instead ("~{header :: #customHeader}"). The old, unwrapped syntax for fragment expressions will be removed in future versions of Thymeleaf.
09:13:48.066 [http-nio-8080-exec-6] WARN  o.t.s.p.AbstractStandardFragmentInsertionTagProcessor - [THYMELEAF][http-nio-8080-exec-6][index] Deprecated unwrapped fragment expression "footer :: #customFooter" found in template index, line 18, col 10. Please use the complete syntax of fragment expressions instead ("~{footer :: #customFooter}"). The old, unwrapped syntax for fragment expressions will be removed in future versions of Thymeleaf.
09:13:55.932 [http-nio-8080-exec-1] INFO  c.r.StudentMVC.service.UserService - Loading user : admin
09:13:55.949 [http-nio-8080-exec-1] INFO  c.r.StudentMVC.service.UserService - user returned : UserEntity [id=2, username=admin, password=admin, roles=[ADMIN, USER]]
09:13:55.986 [http-nio-8080-exec-4] WARN  o.t.s.p.AbstractStandardFragmentInsertionTagProcessor - [THYMELEAF][http-nio-8080-exec-4][addStudent] Deprecated unwrapped fragment expression "header :: #customHeader" found in template addStudent, line 9, col 6. Please use the complete syntax of fragment expressions instead ("~{header :: #customHeader}"). The old, unwrapped syntax for fragment expressions will be removed in future versions of Thymeleaf.
09:13:56.044 [http-nio-8080-exec-4] WARN  o.t.s.p.AbstractStandardFragmentInsertionTagProcessor - [THYMELEAF][http-nio-8080-exec-4][addStudent] Deprecated unwrapped fragment expression "footer :: #customFooter" found in template addStudent, line 54, col 6. Please use the complete syntax of fragment expressions instead ("~{footer :: #customFooter}"). The old, unwrapped syntax for fragment expressions will be removed in future versions of Thymeleaf.
09:13:58.678 [http-nio-8080-exec-5] WARN  o.t.s.p.AbstractStandardFragmentInsertionTagProcessor - [THYMELEAF][http-nio-8080-exec-5][index] Deprecated unwrapped fragment expression "header :: #customHeader" found in template index, line 8, col 7. Please use the complete syntax of fragment expressions instead ("~{header :: #customHeader}"). The old, unwrapped syntax for fragment expressions will be removed in future versions of Thymeleaf.
09:13:58.694 [http-nio-8080-exec-5] WARN  o.t.s.p.AbstractStandardFragmentInsertionTagProcessor - [THYMELEAF][http-nio-8080-exec-5][index] Deprecated unwrapped fragment expression "footer :: #customFooter" found in template index, line 18, col 10. Please use the complete syntax of fragment expressions instead ("~{footer :: #customFooter}"). The old, unwrapped syntax for fragment expressions will be removed in future versions of Thymeleaf.
09:14:02.123 [http-nio-8080-exec-3] WARN  o.t.s.p.AbstractStandardFragmentInsertionTagProcessor - [THYMELEAF][http-nio-8080-exec-3][index] Deprecated unwrapped fragment expression "header :: #customHeader" found in template index, line 8, col 7. Please use the complete syntax of fragment expressions instead ("~{header :: #customHeader}"). The old, unwrapped syntax for fragment expressions will be removed in future versions of Thymeleaf.
09:14:02.130 [http-nio-8080-exec-3] WARN  o.t.s.p.AbstractStandardFragmentInsertionTagProcessor - [THYMELEAF][http-nio-8080-exec-3][index] Deprecated unwrapped fragment expression "footer :: #customFooter" found in template index, line 18, col 10. Please use the complete syntax of fragment expressions instead ("~{footer :: #customFooter}"). The old, unwrapped syntax for fragment expressions will be removed in future versions of Thymeleaf.
09:17:04.415 [http-nio-8080-exec-10] WARN  o.t.s.p.AbstractStandardFragmentInsertionTagProcessor - [THYMELEAF][http-nio-8080-exec-10][index] Deprecated unwrapped fragment expression "header :: #customHeader" found in template index, line 8, col 7. Please use the complete syntax of fragment expressions instead ("~{header :: #customHeader}"). The old, unwrapped syntax for fragment expressions will be removed in future versions of Thymeleaf.
09:17:04.425 [http-nio-8080-exec-10] WARN  o.t.s.p.AbstractStandardFragmentInsertionTagProcessor - [THYMELEAF][http-nio-8080-exec-10][index] Deprecated unwrapped fragment expression "footer :: #customFooter" found in template index, line 18, col 10. Please use the complete syntax of fragment expressions instead ("~{footer :: #customFooter}"). The old, unwrapped syntax for fragment expressions will be removed in future versions of Thymeleaf.
09:17:05.631 [http-nio-8080-exec-1] WARN  o.t.s.p.AbstractStandardFragmentInsertionTagProcessor - [THYMELEAF][http-nio-8080-exec-1][index] Deprecated unwrapped fragment expression "header :: #customHeader" found in template index, line 8, col 7. Please use the complete syntax of fragment expressions instead ("~{header :: #customHeader}"). The old, unwrapped syntax for fragment expressions will be removed in future versions of Thymeleaf.
09:17:05.641 [http-nio-8080-exec-1] WARN  o.t.s.p.AbstractStandardFragmentInsertionTagProcessor - [THYMELEAF][http-nio-8080-exec-1][index] Deprecated unwrapped fragment expression "footer :: #customFooter" found in template index, line 18, col 10. Please use the complete syntax of fragment expressions instead ("~{footer :: #customFooter}"). The old, unwrapped syntax for fragment expressions will be removed in future versions of Thymeleaf.
09:17:07.066 [http-nio-8080-exec-4] WARN  o.t.s.p.AbstractStandardFragmentInsertionTagProcessor - [THYMELEAF][http-nio-8080-exec-4][index] Deprecated unwrapped fragment expression "header :: #customHeader" found in template index, line 8, col 7. Please use the complete syntax of fragment expressions instead ("~{header :: #customHeader}"). The old, unwrapped syntax for fragment expressions will be removed in future versions of Thymeleaf.
09:17:07.076 [http-nio-8080-exec-4] WARN  o.t.s.p.AbstractStandardFragmentInsertionTagProcessor - [THYMELEAF][http-nio-8080-exec-4][index] Deprecated unwrapped fragment expression "footer :: #customFooter" found in template index, line 18, col 10. Please use the complete syntax of fragment expressions instead ("~{footer :: #customFooter}"). The old, unwrapped syntax for fragment expressions will be removed in future versions of Thymeleaf.
09:17:13.999 [http-nio-8080-exec-8] INFO  c.r.StudentMVC.service.UserService - Loading user : admin
09:17:14.010 [http-nio-8080-exec-8] INFO  c.r.StudentMVC.service.UserService - user returned : UserEntity [id=2, username=admin, password=admin, roles=[ADMIN, USER]]
09:17:14.040 [http-nio-8080-exec-2] WARN  o.t.s.p.AbstractStandardFragmentInsertionTagProcessor - [THYMELEAF][http-nio-8080-exec-2][addStudent] Deprecated unwrapped fragment expression "header :: #customHeader" found in template addStudent, line 9, col 6. Please use the complete syntax of fragment expressions instead ("~{header :: #customHeader}"). The old, unwrapped syntax for fragment expressions will be removed in future versions of Thymeleaf.
09:17:14.067 [http-nio-8080-exec-2] WARN  o.t.s.p.AbstractStandardFragmentInsertionTagProcessor - [THYMELEAF][http-nio-8080-exec-2][addStudent] Deprecated unwrapped fragment expression "footer :: #customFooter" found in template addStudent, line 54, col 6. Please use the complete syntax of fragment expressions instead ("~{footer :: #customFooter}"). The old, unwrapped syntax for fragment expressions will be removed in future versions of Thymeleaf.
09:17:16.670 [http-nio-8080-exec-3] WARN  o.t.s.p.AbstractStandardFragmentInsertionTagProcessor - [THYMELEAF][http-nio-8080-exec-3][index] Deprecated unwrapped fragment expression "header :: #customHeader" found in template index, line 8, col 7. Please use the complete syntax of fragment expressions instead ("~{header :: #customHeader}"). The old, unwrapped syntax for fragment expressions will be removed in future versions of Thymeleaf.
09:17:16.679 [http-nio-8080-exec-3] WARN  o.t.s.p.AbstractStandardFragmentInsertionTagProcessor - [THYMELEAF][http-nio-8080-exec-3][index] Deprecated unwrapped fragment expression "footer :: #customFooter" found in template index, line 18, col 10. Please use the complete syntax of fragment expressions instead ("~{footer :: #customFooter}"). The old, unwrapped syntax for fragment expressions will be removed in future versions of Thymeleaf.
09:17:19.976 [http-nio-8080-exec-6] WARN  o.t.s.p.AbstractStandardFragmentInsertionTagProcessor - [THYMELEAF][http-nio-8080-exec-6][readStudent] Deprecated unwrapped fragment expression "header :: #customHeader" found in template readStudent, line 8, col 7. Please use the complete syntax of fragment expressions instead ("~{header :: #customHeader}"). The old, unwrapped syntax for fragment expressions will be removed in future versions of Thymeleaf.
09:17:20.010 [http-nio-8080-exec-6] WARN  o.t.s.p.AbstractStandardFragmentInsertionTagProcessor - [THYMELEAF][http-nio-8080-exec-6][readStudent] Deprecated unwrapped fragment expression "footer :: #customFooter" found in template readStudent, line 65, col 7. Please use the complete syntax of fragment expressions instead ("~{footer :: #customFooter}"). The old, unwrapped syntax for fragment expressions will be removed in future versions of Thymeleaf.
09:17:22.629 [http-nio-8080-exec-7] WARN  o.t.s.p.AbstractStandardFragmentInsertionTagProcessor - [THYMELEAF][http-nio-8080-exec-7][index] Deprecated unwrapped fragment expression "header :: #customHeader" found in template index, line 8, col 7. Please use the complete syntax of fragment expressions instead ("~{header :: #customHeader}"). The old, unwrapped syntax for fragment expressions will be removed in future versions of Thymeleaf.
09:17:22.637 [http-nio-8080-exec-7] WARN  o.t.s.p.AbstractStandardFragmentInsertionTagProcessor - [THYMELEAF][http-nio-8080-exec-7][index] Deprecated unwrapped fragment expression "footer :: #customFooter" found in template index, line 18, col 10. Please use the complete syntax of fragment expressions instead ("~{footer :: #customFooter}"). The old, unwrapped syntax for fragment expressions will be removed in future versions of Thymeleaf.
09:17:23.934 [http-nio-8080-exec-10] WARN  o.t.s.p.AbstractStandardFragmentInsertionTagProcessor - [THYMELEAF][http-nio-8080-exec-10][updateStudent] Deprecated unwrapped fragment expression "header :: #customHeader" found in template updateStudent, line 8, col 8. Please use the complete syntax of fragment expressions instead ("~{header :: #customHeader}"). The old, unwrapped syntax for fragment expressions will be removed in future versions of Thymeleaf.
09:17:23.948 [http-nio-8080-exec-10] WARN  o.t.s.p.AbstractStandardFragmentInsertionTagProcessor - [THYMELEAF][http-nio-8080-exec-10][updateStudent] Deprecated unwrapped fragment expression "footer :: #customFooter" found in template updateStudent, line 64, col 10. Please use the complete syntax of fragment expressions instead ("~{footer :: #customFooter}"). The old, unwrapped syntax for fragment expressions will be removed in future versions of Thymeleaf.
09:17:28.225 [http-nio-8080-exec-1] WARN  o.t.s.p.AbstractStandardFragmentInsertionTagProcessor - [THYMELEAF][http-nio-8080-exec-1][index] Deprecated unwrapped fragment expression "header :: #customHeader" found in template index, line 8, col 7. Please use the complete syntax of fragment expressions instead ("~{header :: #customHeader}"). The old, unwrapped syntax for fragment expressions will be removed in future versions of Thymeleaf.
09:17:28.235 [http-nio-8080-exec-1] WARN  o.t.s.p.AbstractStandardFragmentInsertionTagProcessor - [THYMELEAF][http-nio-8080-exec-1][index] Deprecated unwrapped fragment expression "footer :: #customFooter" found in template index, line 18, col 10. Please use the complete syntax of fragment expressions instead ("~{footer :: #customFooter}"). The old, unwrapped syntax for fragment expressions will be removed in future versions of Thymeleaf.
09:17:29.838 [http-nio-8080-exec-4] WARN  o.t.s.p.AbstractStandardFragmentInsertionTagProcessor - [THYMELEAF][http-nio-8080-exec-4][deleteStudent] Deprecated unwrapped fragment expression "header :: #customHeader" found in template deleteStudent, line 8, col 8. Please use the complete syntax of fragment expressions instead ("~{header :: #customHeader}"). The old, unwrapped syntax for fragment expressions will be removed in future versions of Thymeleaf.
09:17:29.850 [http-nio-8080-exec-4] WARN  o.t.s.p.AbstractStandardFragmentInsertionTagProcessor - [THYMELEAF][http-nio-8080-exec-4][deleteStudent] Deprecated unwrapped fragment expression "footer :: #customFooter" found in template deleteStudent, line 45, col 8. Please use the complete syntax of fragment expressions instead ("~{footer :: #customFooter}"). The old, unwrapped syntax for fragment expressions will be removed in future versions of Thymeleaf.
09:17:31.517 [http-nio-8080-exec-5] WARN  o.t.s.p.AbstractStandardFragmentInsertionTagProcessor - [THYMELEAF][http-nio-8080-exec-5][index] Deprecated unwrapped fragment expression "header :: #customHeader" found in template index, line 8, col 7. Please use the complete syntax of fragment expressions instead ("~{header :: #customHeader}"). The old, unwrapped syntax for fragment expressions will be removed in future versions of Thymeleaf.
09:17:31.529 [http-nio-8080-exec-5] WARN  o.t.s.p.AbstractStandardFragmentInsertionTagProcessor - [THYMELEAF][http-nio-8080-exec-5][index] Deprecated unwrapped fragment expression "footer :: #customFooter" found in template index, line 18, col 10. Please use the complete syntax of fragment expressions instead ("~{footer :: #customFooter}"). The old, unwrapped syntax for fragment expressions will be removed in future versions of Thymeleaf.
09:17:45.385 [http-nio-8080-exec-8] WARN  o.t.s.p.AbstractStandardFragmentInsertionTagProcessor - [THYMELEAF][http-nio-8080-exec-8][index] Deprecated unwrapped fragment expression "header :: #customHeader" found in template index, line 8, col 7. Please use the complete syntax of fragment expressions instead ("~{header :: #customHeader}"). The old, unwrapped syntax for fragment expressions will be removed in future versions of Thymeleaf.
09:17:45.392 [http-nio-8080-exec-8] WARN  o.t.s.p.AbstractStandardFragmentInsertionTagProcessor - [THYMELEAF][http-nio-8080-exec-8][index] Deprecated unwrapped fragment expression "footer :: #customFooter" found in template index, line 18, col 10. Please use the complete syntax of fragment expressions instead ("~{footer :: #customFooter}"). The old, unwrapped syntax for fragment expressions will be removed in future versions of Thymeleaf.
